=== Start of Analysis === 
>>> INFO. Adding input file /afs/cern.ch/work/k/kchatter/public/VHTauTau_miniAOD/CMSSW_7_0_7_patch1/src/AnalysisSpace/TreeMaker/jobs/VH20PU/OUT/VH_20PU_miniAOD_CSA14_1.root to TChain 
    datatype = mc
     logFile = test_eltau.out
   eventFile = test_events_.out
    histFile = test_eltau.root
     usePUWt = false
  puHistFile = /afs/cern.ch/work/a/amodak/public/CSA14/CMSSW_7_0_7_patch1/src/15Sept2014/reweightFunctionFall12.root
 useTrueNInt = true
  useTrigger = false
   logOption = 0
    maxEvent = 100
>>> INFO. nFiles: 1, Files to analyse:
/afs/cern.ch/work/k/kchatter/public/VHTauTau_miniAOD/CMSSW_7_0_7_patch1/src/AnalysisSpace/TreeMaker/jobs/VH20PU/OUT/VH_20PU_miniAOD_CSA14_1.root
Event List:
>>> bjetCutList
         SVHECut:    1.74
         TCHECut:    3.30
             eta:    2.40
              pt:   20.00
         useTCHE:    0.00
>>> electronCutList
              dB:    0.02
              dz:    0.20
           eleId:    7.00
             eta:    2.10
          etaLow:    1.44
           etaUp:    1.57
     missingHits:    1.00
         pixHits:    1.00
              pt:   20.00
    relIsoBarrel:    0.15
    relIsoEndCap:    0.10
        scEtaLow:    1.44
         scEtaUp:    1.57
           trkD0:    0.04
         trkHits:    8.00
>>> muonCutList
              dB:    0.02
              dz:    0.20
             eta:    2.10
      globalChi2:   10.00
       nChambers:    2.00
nMatchedStations:    2.00
        nMatches:    2.00
         pixHits:    1.00
              pt:   20.00
          relIso:    0.10
           trkD0:    0.02
         trkHits:    8.00
        vtxDistZ:    0.20
>>> tauCutList
              dz:    0.20
         eleVeto:    0.50
             eta:    2.30
          muVeto:    0.50
              pt:   10.00
>>> vtxCutList
             dxy:    2.00
             ndf:    4.00
               z:   24.00
>>> evselCutList
        drEleTau:    0.50
         drMuTau:    0.50
        drTauTau:    0.50
     dzEleTauVtx:    0.14
      dzMuTauVtx:    0.14
     dzTauTauVtx:    0.14
        eTauMass:   80.00
       eleVetoPt:   15.00
         etaTau1:    2.30
         etaTau2:    2.30
        massHigh:  120.00
         massLow:   30.00
           maxDr:    0.10
          maxMET:   30.00
       maxPtDiff:   20.00
        muVetoPt:   15.00
          ptTau1:   25.00
          ptTau2:   20.00
           tagPt:   15.00
       tauPairPt:   50.00
Start event loop now with 1 files
>>> SetBranchAddress: <Event> found!
>>> SetBranchAddress: <Vertex> found!
>>> SetBranchAddress: <Tau> found!
>>> SetBranchAddress: <Electron> found!
>>> SetBranchAddress: <Muon> found!
>>> SetBranchAddress: <Jet> found!
>>> SetBranchAddress: <MET> found!
>>> SetBranchAddress: <GenParticle> found!
>>> SetBranchAddress: <GenJet> not found!
>>> SetBranchAddress: <l1physbits> not found!
>>> SetBranchAddress: <l1techbits> not found!
>>> SetBranchAddress: <hltresults> not found!
>>> SetBranchAddress: <hltprescales> not found!
>>> SetBranchAddress: <hltpaths> not found!
 ===== # of events to analyse, nEvents = 100
Tree#    0 ==> VH_20PU_miniAOD_CSA14_1.root <<< Run# 1 Lumis# 13 Event#     1173 >>>  Events proc.        0
Tree#    0 ==> /afs/cern.ch/work/k/kchatter/public/VHTauTau_miniAOD/CMSSW_7_0_7_patch1/src/AnalysisSpace/TreeMaker/jobs/VH20PU/OUT/VH_20PU_miniAOD_CSA14_1.root <<< Run# 1 Lumis# 13 Event#     1173 >>>  Events proc.        0
findLLTGenInfo:    nMu = 0   nel = 1  ntau = 1
findLLTGenInfo:    nMu = 1   nel = 0  ntau = 1
findLLTGenInfo:    nMu = 0   nel = 1  ntau = 1
findLLTGenInfo:    nMu = 1   nel = 0  ntau = 1
findLLTGenInfo:    nMu = 1   nel = 0  ntau = 1
findLLTGenInfo:    nMu = 1   nel = 0  ntau = 1
findLLTGenInfo:    nMu = 2   nel = 0  ntau = 0
findLLTGenInfo:    nMu = 1   nel = 0  ntau = 1
findLLTGenInfo:    nMu = 1   nel = 0  ntau = 1
findLLTGenInfo:    nMu = 0   nel = 1  ntau = 1
findLLTGenInfo:    nMu = 0   nel = 0  ntau = 2
findLLTGenInfo:    nMu = 2   nel = 1  ntau = 0
findLLTGenInfo:    nMu = 0   nel = 0  ntau = 2
findLLTGenInfo:    nMu = 0   nel = 0  ntau = 2
findLLTGenInfo:    nMu = 0   nel = 1  ntau = 1
findLLTGenInfo:    nMu = 2   nel = 0  ntau = 1
findLLTGenInfo:    nMu = 0   nel = 0  ntau = 2
findLLTGenInfo:    nMu = 1   nel = 1  ntau = 0
findLLTGenInfo:    nMu = 0   nel = 0  ntau = 2
findLLTGenInfo:    nMu = 0   nel = 2  ntau = 0
findLLTGenInfo:    nMu = 0   nel = 2  ntau = 0
findLLTGenInfo:    nMu = 1   nel = 0  ntau = 1
findLLTGenInfo:    nMu = 0   nel = 0  ntau = 2
findLLTGenInfo:    nMu = 0   nel = 0  ntau = 2
findLLTGenInfo:    nMu = 0   nel = 0  ntau = 2
findLLTGenInfo:    nMu = 0   nel = 1  ntau = 1
findLLTGenInfo:    nMu = 0   nel = 1  ntau = 1
findLLTGenInfo:    nMu = 0   nel = 1  ntau = 2
findLLTGenInfo:    nMu = 1   nel = 0  ntau = 1
findLLTGenInfo:    nMu = 1   nel = 0  ntau = 1
findLLTGenInfo:    nMu = 0   nel = 0  ntau = 2
findLLTGenInfo:    nMu = 0   nel = 0  ntau = 2
findLLTGenInfo:    nMu = 0   nel = 0  ntau = 2
findLLTGenInfo:    nMu = 1   nel = 1  ntau = 0
findLLTGenInfo:    nMu = 0   nel = 0  ntau = 2
findLLTGenInfo:    nMu = 1   nel = 0  ntau = 2
findLLTGenInfo:    nMu = 0   nel = 0  ntau = 2
findLLTGenInfo:    nMu = 1   nel = 0  ntau = 1
findLLTGenInfo:    nMu = 0   nel = 0  ntau = 2
findLLTGenInfo:    nMu = 1   nel = 0  ntau = 1
findLLTGenInfo:    nMu = 1   nel = 1  ntau = 1
findLLTGenInfo:    nMu = 0   nel = 1  ntau = 1
findLLTGenInfo:    nMu = 1   nel = 0  ntau = 1
findLLTGenInfo:    nMu = 1   nel = 1  ntau = 1
findLLTGenInfo:    nMu = 2   nel = 1  ntau = 0
findLLTGenInfo:    nMu = 0   nel = 0  ntau = 2
findLLTGenInfo:    nMu = 0   nel = 1  ntau = 1
findLLTGenInfo:    nMu = 0   nel = 0  ntau = 2
findLLTGenInfo:    nMu = 1   nel = 0  ntau = 1
findLLTGenInfo:    nMu = 0   nel = 0  ntau = 2
findLLTGenInfo:    nMu = 0   nel = 0  ntau = 2
findLLTGenInfo:    nMu = 0   nel = 0  ntau = 2
findLLTGenInfo:    nMu = 0   nel = 0  ntau = 2
findLLTGenInfo:    nMu = 0   nel = 1  ntau = 1
findLLTGenInfo:    nMu = 0   nel = 2  ntau = 1
findLLTGenInfo:    nMu = 1   nel = 1  ntau = 0
findLLTGenInfo:    nMu = 1   nel = 0  ntau = 1
findLLTGenInfo:    nMu = 2   nel = 0  ntau = 0
findLLTGenInfo:    nMu = 0   nel = 1  ntau = 1
findLLTGenInfo:    nMu = 1   nel = 1  ntau = 0
findLLTGenInfo:    nMu = 1   nel = 0  ntau = 1
findLLTGenInfo:    nMu = 0   nel = 1  ntau = 1
findLLTGenInfo:    nMu = 1   nel = 0  ntau = 1
findLLTGenInfo:    nMu = 1   nel = 0  ntau = 1
findLLTGenInfo:    nMu = 0   nel = 0  ntau = 2
findLLTGenInfo:    nMu = 0   nel = 0  ntau = 2
findLLTGenInfo:    nMu = 2   nel = 0  ntau = 0
findLLTGenInfo:    nMu = 0   nel = 0  ntau = 2
findLLTGenInfo:    nMu = 0   nel = 0  ntau = 2
findLLTGenInfo:    nMu = 1   nel = 1  ntau = 1
findLLTGenInfo:    nMu = 0   nel = 0  ntau = 2
findLLTGenInfo:    nMu = 0   nel = 0  ntau = 2
findLLTGenInfo:    nMu = 0   nel = 1  ntau = 1
findLLTGenInfo:    nMu = 0   nel = 0  ntau = 2
findLLTGenInfo:    nMu = 0   nel = 1  ntau = 1
findLLTGenInfo:    nMu = 0   nel = 2  ntau = 0
findLLTGenInfo:    nMu = 0   nel = 1  ntau = 2
findLLTGenInfo:    nMu = 2   nel = 1  ntau = 0
findLLTGenInfo:    nMu = 1   nel = 0  ntau = 1
findLLTGenInfo:    nMu = 1   nel = 0  ntau = 1
findLLTGenInfo:    nMu = 0   nel = 0  ntau = 2
findLLTGenInfo:    nMu = 1   nel = 0  ntau = 1
findLLTGenInfo:    nMu = 1   nel = 1  ntau = 0
findLLTGenInfo:    nMu = 0   nel = 2  ntau = 0
findLLTGenInfo:    nMu = 0   nel = 0  ntau = 2
findLLTGenInfo:    nMu = 1   nel = 1  ntau = 1
findLLTGenInfo:    nMu = 2   nel = 0  ntau = 0
findLLTGenInfo:    nMu = 1   nel = 1  ntau = 0
findLLTGenInfo:    nMu = 0   nel = 0  ntau = 2
findLLTGenInfo:    nMu = 1   nel = 0  ntau = 1
findLLTGenInfo:    nMu = 0   nel = 0  ntau = 2
findLLTGenInfo:    nMu = 1   nel = 1  ntau = 0
findLLTGenInfo:    nMu = 0   nel = 1  ntau = 1
findLLTGenInfo:    nMu = 0   nel = 1  ntau = 1
findLLTGenInfo:    nMu = 0   nel = 0  ntau = 2
findLLTGenInfo:    nMu = 0   nel = 0  ntau = 2
findLLTGenInfo:    nMu = 0   nel = 0  ntau = 2
findLLTGenInfo:    nMu = 1   nel = 0  ntau = 1
findLLTGenInfo:    nMu = 0   nel = 0  ntau = 2
findLLTGenInfo:    nMu = 1   nel = 1  ntau = 0
Realtime/CpuTime = 0.39/0.11
